Arguments: 
  C:\Program Files\nodejs\node.exe C:\Users\lando\AppData\Roaming\npm\node_modules\yarn\bin\yarn.js

PATH: 
  C:\Users\lando\AppData\Roaming\npm;C:\Program Files\nodejs\;C:\Program Files (x86)\Intel\iCLS Client\;C:\Program Files\Intel\iCLS Client\;C:\WINDOWS\system32;C:\WINDOWS;C:\WINDOWS\System32\Wbem;C:\WINDOWS\System32\WindowsPowerShell\v1.0\;C:\Program Files (x86)\Intel\Intel(R) Management Engine Components\DAL;C:\Program Files\Intel\Intel(R) Management Engine Components\DAL;C:\Program Files (x86)\Intel\Intel(R) Management Engine Components\IPT;C:\Program Files\Intel\Intel(R) Management Engine Components\IPT;C:\Program Files (x86)\Brackets\command;C:\Program Files\Microsoft SQL Server\Client SDK\ODBC\130\Tools\Binn\;C:\Program Files (x86)\Microsoft SQL Server\140\Tools\Binn\;C:\Program Files\Microsoft SQL Server\140\Tools\Binn\;C:\Program Files\Microsoft SQL Server\140\DTS\Binn\;C:\Program Files\dotnet\;C:\Program Files\Microsoft SQL Server\130\Tools\Binn\;C:\Program Files\nodejs\;C:\Program Files\Git\cmd;C:\WINDOWS\System32\OpenSSH\;​c:\nodejs-v7.9.0;C:\Program Files (x86)\Yarn\bin\;C:\Ruby24-x64\bin;C:\Users\lando\AppData\Local\Microsoft\WindowsApps;C:\Users\lando\AppData\Roaming\npm;C:\Users\lando\AppData\Local\Yarn\bin

Yarn version: 
  1.6.0

Node version: 
  8.11.1

Platform: 
  win32 x64

Trace: 
  Error: EPERM: operation not permitted, unlink 'C:\Users\lando\Documents\Jekyll-Bootstrap-Gulp\node_modules\node-sass\vendor\win32-x64-57\binding.node'

npm manifest: 
  {
    "name": "Jekyll-Bootstrap-Gulp",
    "version": "1.0.0",
    "description": "A starter project including full setup for Jekyll, GulpJS, Bootstrap 3.x & BrowserSync",
    "main": "gulpfile.js",
    "scripts": {
      "test": "echo \"Error: no test specified\" && exit 1"
    },
    "author": "Lando Tornabene",
    "license": "ISC",
    "devDependencies": {
      "browser-sync": "^1.3.7",
      "gulp": "^3.8.8",
      "gulp-autoprefixer": "1.0.0",
      "gulp-concat": "^2.6.1",
      "gulp-csslint": "^1.0.1",
      "gulp-rename": "^1.2.3",
      "gulp-sass": "^3.1.0",
      "gulp-scss-lint": "^0.6.1",
      "gulp-sourcemaps": "^2.6.4",
      "gulp-sourcemaps-support": "0.0.1",
      "gulp-uglify": "^1.5.4"
    },
    "repository": {
      "type": "git",
      "url": "https://github.com/landodesign/jekyll-bootstrap-gulp.git"
    },
    "keywords": [
      "jekyll",
      "gulp",
      "sass",
      "browsersync"
    ],
    "homepage": "https://github.com/landodesign/jekyll-bootstrap-gulp.git",
    "dependencies": {
      "bootstrap-sass": "^3.3.7",
      "gulp-jslint": "^1.0.10"
    }
  }

yarn manifest: 
  No manifest

Lockfile: 
  No lockfile
